<?xml version="1.0" encoding="UTF-8"?>
<testsuite name="me.nspain.demo.ConversionControllerTest" tests="2" skipped="0" failures="0" errors="0" timestamp="2019-07-26T12:18:26" hostname="raptor" time="0.515">
  <properties/>
  <testcase name="getConversionFromKgToLb()" classname="me.nspain.demo.ConversionControllerTest" time="0.505"/>
  <testcase name="getConversionFromLbToKg()" classname="me.nspain.demo.ConversionControllerTest" time="0.008"/>
  <system-out><![CDATA[22:18:23.407 [Test worker] DEBUG org.springframework.test.context.BootstrapUtils - Instantiating CacheAwareContextLoaderDelegate from class [org.springframework.test.context.cache.DefaultCacheAwareContextLoaderDelegate]
22:18:23.424 [Test worker] DEBUG org.springframework.test.context.BootstrapUtils - Instantiating BootstrapContext using constructor [public org.springframework.test.context.support.DefaultBootstrapContext(java.lang.Class,org.springframework.test.context.CacheAwareContextLoaderDelegate)]
22:18:23.439 [Test worker] DEBUG org.springframework.test.context.BootstrapUtils - Instantiating TestContextBootstrapper for test class [me.nspain.demo.ConversionControllerTest] from class [org.springframework.boot.test.context.SpringBootTestContextBootstrapper]
22:18:23.446 [Test worker] INFO org.springframework.boot.test.context.SpringBootTestContextBootstrapper - Neither @ContextConfiguration nor @ContextHierarchy found for test class [me.nspain.demo.ConversionControllerTest], using SpringBootContextLoader
22:18:23.449 [Test worker] DEBUG org.springframework.test.context.support.AbstractContextLoader - Did not detect default resource location for test class [me.nspain.demo.ConversionControllerTest]: class path resource [me/nspain/demo/ConversionControllerTest-context.xml] does not exist
22:18:23.449 [Test worker] DEBUG org.springframework.test.context.support.AbstractContextLoader - Did not detect default resource location for test class [me.nspain.demo.ConversionControllerTest]: class path resource [me/nspain/demo/ConversionControllerTestContext.groovy] does not exist
22:18:23.449 [Test worker] INFO org.springframework.test.context.support.AbstractContextLoader - Could not detect default resource locations for test class [me.nspain.demo.ConversionControllerTest]: no resource found for suffixes {-context.xml, Context.groovy}.
22:18:23.450 [Test worker] INFO org.springframework.test.context.support.AnnotationConfigContextLoaderUtils - Could not detect default configuration classes for test class [me.nspain.demo.ConversionControllerTest]: ConversionControllerTest does not declare any static, non-private, non-final, nested classes annotated with @Configuration.
22:18:23.495 [Test worker] DEBUG org.springframework.test.context.support.ActiveProfilesUtils - Could not find an 'annotation declaring class' for annotation type [org.springframework.test.context.ActiveProfiles] and class [me.nspain.demo.ConversionControllerTest]
22:18:23.567 [Test worker] DEBUG org.springframework.context.annotation.ClassPathScanningCandidateComponentProvider - Identified candidate component class: file [/home/nspain/Documents/code/nick96/ci-cd-demo/api/build/classes/kotlin/main/me/nspain/demo/DemoApplication.class]
22:18:23.570 [Test worker] INFO org.springframework.boot.test.context.SpringBootTestContextBootstrapper - Found @SpringBootConfiguration me.nspain.demo.DemoApplication for test class me.nspain.demo.ConversionControllerTest
22:18:23.655 [Test worker] DEBUG org.springframework.boot.test.context.SpringBootTestContextBootstrapper - @TestExecutionListeners is not present for class [me.nspain.demo.ConversionControllerTest]: using defaults.
22:18:23.655 [Test worker] INFO org.springframework.boot.test.context.SpringBootTestContextBootstrapper - Loaded default TestExecutionListener class names from location [META-INF/spring.factories]: [org.springframework.boot.test.autoconfigure.restdocs.RestDocsTestExecutionListener, org.springframework.boot.test.autoconfigure.web.client.MockRestServiceServerResetTestExecutionListener, org.springframework.boot.test.autoconfigure.web.servlet.MockMvcPrintOnlyOnFailureTestExecutionListener, org.springframework.boot.test.autoconfigure.web.servlet.WebDriverTestExecutionListener, org.springframework.boot.test.mock.mockito.MockitoTestExecutionListener, org.springframework.boot.test.mock.mockito.ResetMocksTestExecutionListener, org.springframework.test.context.web.ServletTestExecutionListener, org.springframework.test.context.support.DirtiesContextBeforeModesTestExecutionListener, org.springframework.test.context.support.DependencyInjectionTestExecutionListener, org.springframework.test.context.support.DirtiesContextTestExecutionListener, org.springframework.test.context.transaction.TransactionalTestExecutionListener, org.springframework.test.context.jdbc.SqlScriptsTestExecutionListener]
22:18:23.666 [Test worker] DEBUG org.springframework.boot.test.context.SpringBootTestContextBootstrapper - Skipping candidate TestExecutionListener [org.springframework.test.context.transaction.TransactionalTestExecutionListener] due to a missing dependency. Specify custom listener classes or make the default listener classes and their required dependencies available. Offending class: [org/springframework/transaction/TransactionDefinition]
22:18:23.667 [Test worker] DEBUG org.springframework.boot.test.context.SpringBootTestContextBootstrapper - Skipping candidate TestExecutionListener [org.springframework.test.context.jdbc.SqlScriptsTestExecutionListener] due to a missing dependency. Specify custom listener classes or make the default listener classes and their required dependencies available. Offending class: [org/springframework/transaction/interceptor/TransactionAttribute]
22:18:23.667 [Test worker] INFO org.springframework.boot.test.context.SpringBootTestContextBootstrapper - Using TestExecutionListeners: [org.springframework.test.context.web.ServletTestExecutionListener@6fae65a1, org.springframework.test.context.support.DirtiesContextBeforeModesTestExecutionListener@7dc022ef, org.springframework.boot.test.mock.mockito.MockitoTestExecutionListener@29f29088, org.springframework.boot.test.autoconfigure.SpringBootDependencyInjectionTestExecutionListener@5e9ef27, org.springframework.test.context.support.DirtiesContextTestExecutionListener@19f60156, org.springframework.boot.test.autoconfigure.restdocs.RestDocsTestExecutionListener@655d9fdd, org.springframework.boot.test.autoconfigure.web.client.MockRestServiceServerResetTestExecutionListener@5816252e, org.springframework.boot.test.autoconfigure.web.servlet.MockMvcPrintOnlyOnFailureTestExecutionListener@12cc79dc, org.springframework.boot.test.autoconfigure.web.servlet.WebDriverTestExecutionListener@3b192662, org.springframework.boot.test.mock.mockito.ResetMocksTestExecutionListener@32b3e5ab]
22:18:23.672 [Test worker] DEBUG org.springframework.test.context.support.AbstractDirtiesContextTestExecutionListener - Before test class: context [DefaultTestContext@402d64a0 testClass = ConversionControllerTest, testInstance = [null], testMethod = [null], testException = [null], mergedContextConfiguration = [WebMergedContextConfiguration@67342f47 testClass = ConversionControllerTest, locations = '{}', classes = '{class me.nspain.demo.DemoApplication}', contextInitializerClasses = '[]', activeProfiles = '{}', propertySourceLocations = '{}', propertySourceProperties = '{org.springframework.boot.test.context.SpringBootTestContextBootstrapper=true, server.port=0}', contextCustomizers = set[org.springframework.boot.test.autoconfigure.properties.PropertyMappingContextCustomizer@0, org.springframework.boot.test.autoconfigure.web.servlet.WebDriverContextCustomizerFactory$Customizer@6d685abf, [ImportsContextCustomizer@10a0e699 key = [@org.springframework.boot.autoconfigure.AutoConfigurationPackage(), @org.springframework.context.annotation.Import(value=[class org.springframework.boot.autoconfigure.AutoConfigurationPackages$Registrar]), @org.apiguardian.api.API(consumers=[*], since=5.0, status=STABLE), @org.springframework.boot.autoconfigure.EnableAutoConfiguration(excludeName=[], exclude=[]), @org.springframework.boot.test.context.SpringBootTest(webEnvironment=RANDOM_PORT, value=[], properties=[], classes=[]), @org.springframework.test.context.BootstrapWith(value=class org.springframework.boot.test.context.SpringBootTestContextBootstrapper), @org.springframework.context.annotation.Import(value=[class org.springframework.boot.autoconfigure.AutoConfigurationImportSelector]), @org.junit.jupiter.api.extension.ExtendWith(value=[class org.springframework.test.context.junit.jupiter.SpringExtension])]], org.springframework.boot.test.context.filter.ExcludeFilterContextCustomizer@7ef06bd7, org.springframework.boot.test.json.DuplicateJsonObjectContextCustomizerFactory$DuplicateJsonObjectContextCustomizer@1160b6c7, org.springframework.boot.test.mock.mockito.MockitoContextCustomizer@0, org.springframework.boot.test.web.client.TestRestTemplateContextCustomizer@3f5dd87f], resourceBasePath = 'src/main/webapp', contextLoader = 'org.springframework.boot.test.context.SpringBootContextLoader', parent = [null]], attributes = map['org.springframework.test.context.web.ServletTestExecutionListener.activateListener' -> false]], class annotated with @DirtiesContext [false] with mode [null].
22:18:23.684 [Test worker] DEBUG org.springframework.test.context.support.DependencyInjectionTestExecutionListener - Performing dependency injection for test context [[DefaultTestContext@402d64a0 testClass = ConversionControllerTest, testInstance = me.nspain.demo.ConversionControllerTest@341b1b81, testMethod = [null], testException = [null], mergedContextConfiguration = [WebMergedContextConfiguration@67342f47 testClass = ConversionControllerTest, locations = '{}', classes = '{class me.nspain.demo.DemoApplication}', contextInitializerClasses = '[]', activeProfiles = '{}', propertySourceLocations = '{}', propertySourceProperties = '{org.springframework.boot.test.context.SpringBootTestContextBootstrapper=true, server.port=0}', contextCustomizers = set[org.springframework.boot.test.autoconfigure.properties.PropertyMappingContextCustomizer@0, org.springframework.boot.test.autoconfigure.web.servlet.WebDriverContextCustomizerFactory$Customizer@6d685abf, [ImportsContextCustomizer@10a0e699 key = [@org.springframework.boot.autoconfigure.AutoConfigurationPackage(), @org.springframework.context.annotation.Import(value=[class org.springframework.boot.autoconfigure.AutoConfigurationPackages$Registrar]), @org.apiguardian.api.API(consumers=[*], since=5.0, status=STABLE), @org.springframework.boot.autoconfigure.EnableAutoConfiguration(excludeName=[], exclude=[]), @org.springframework.boot.test.context.SpringBootTest(webEnvironment=RANDOM_PORT, value=[], properties=[], classes=[]), @org.springframework.test.context.BootstrapWith(value=class org.springframework.boot.test.context.SpringBootTestContextBootstrapper), @org.springframework.context.annotation.Import(value=[class org.springframework.boot.autoconfigure.AutoConfigurationImportSelector]), @org.junit.jupiter.api.extension.ExtendWith(value=[class org.springframework.test.context.junit.jupiter.SpringExtension])]], org.springframework.boot.test.context.filter.ExcludeFilterContextCustomizer@7ef06bd7, org.springframework.boot.test.json.DuplicateJsonObjectContextCustomizerFactory$DuplicateJsonObjectContextCustomizer@1160b6c7, org.springframework.boot.test.mock.mockito.MockitoContextCustomizer@0, org.springframework.boot.test.web.client.TestRestTemplateContextCustomizer@3f5dd87f], resourceBasePath = 'src/main/webapp', contextLoader = 'org.springframework.boot.test.context.SpringBootContextLoader', parent = [null]], attributes = map['org.springframework.test.context.web.ServletTestExecutionListener.activateListener' -> false]]].
22:18:23.697 [Test worker] DEBUG org.springframework.test.context.support.TestPropertySourceUtils - Adding inlined properties to environment: {spring.jmx.enabled=false, org.springframework.boot.test.context.SpringBootTestContextBootstrapper=true, server.port=0}

  .   ____          _            __ _ _
 /\\ / ___'_ __ _ _(_)_ __  __ _ \ \ \ \
( ( )\___ | '_ | '_| | '_ \/ _` | \ \ \ \
 \\/  ___)| |_)| | | | | || (_| |  ) ) ) )
  '  |____| .__|_| |_|_| |_\__, | / / / /
 =========|_|==============|___/=/_/_/_/
 :: Spring Boot ::        (v2.1.6.RELEASE)

2019-07-26 22:18:23.961  INFO 26050 --- [    Test worker] me.nspain.demo.ConversionControllerTest  : Starting ConversionControllerTest on raptor with PID 26050 (started by nspain in /home/nspain/Documents/code/nick96/ci-cd-demo/api)
2019-07-26 22:18:23.965  INFO 26050 --- [    Test worker] me.nspain.demo.ConversionControllerTest  : No active profile set, falling back to default profiles: default
2019-07-26 22:18:24.211  WARN 26050 --- [kground-preinit] o.s.h.c.j.Jackson2ObjectMapperBuilder    : For Jackson Kotlin classes support please add "com.fasterxml.jackson.module:jackson-module-kotlin" to the classpath
2019-07-26 22:18:25.283  INFO 26050 --- [    Test worker] o.s.b.w.embedded.tomcat.TomcatWebServer  : Tomcat initialized with port(s): 0 (http)
2019-07-26 22:18:25.314  INFO 26050 --- [    Test worker] o.apache.catalina.core.StandardService   : Starting service [Tomcat]
2019-07-26 22:18:25.315  INFO 26050 --- [    Test worker] org.apache.catalina.core.StandardEngine  : Starting Servlet engine: [Apache Tomcat/9.0.21]
2019-07-26 22:18:25.412  INFO 26050 --- [    Test worker] o.a.c.c.C.[Tomcat].[localhost].[/]       : Initializing Spring embedded WebApplicationContext
2019-07-26 22:18:25.412  INFO 26050 --- [    Test worker] o.s.web.context.ContextLoader            : Root WebApplicationContext: initialization completed in 1417 ms
2019-07-26 22:18:26.155  INFO 26050 --- [    Test worker] o.s.s.concurrent.ThreadPoolTaskExecutor  : Initializing ExecutorService 'applicationTaskExecutor'
2019-07-26 22:18:26.470  INFO 26050 --- [    Test worker] o.s.b.w.embedded.tomcat.TomcatWebServer  : Tomcat started on port(s): 40243 (http) with context path ''
2019-07-26 22:18:26.473  INFO 26050 --- [    Test worker] me.nspain.demo.ConversionControllerTest  : Started ConversionControllerTest in 2.774 seconds (JVM running for 3.724)
2019-07-26 22:18:26.803  INFO 26050 --- [o-auto-1-exec-1] o.a.c.c.C.[Tomcat].[localhost].[/]       : Initializing Spring DispatcherServlet 'dispatcherServlet'
2019-07-26 22:18:26.803  INFO 26050 --- [o-auto-1-exec-1] o.s.web.servlet.DispatcherServlet        : Initializing Servlet 'dispatcherServlet'
2019-07-26 22:18:26.818  INFO 26050 --- [o-auto-1-exec-1] o.s.web.servlet.DispatcherServlet        : Completed initialization in 15 ms
2019-07-26 22:18:26.944  INFO 26050 --- [o-auto-1-exec-1] me.nspain.demo.ConversionController      : Received request with from='kg', to='lb' and value='5.0'
2019-07-26 22:18:26.945  INFO 26050 --- [o-auto-1-exec-1] me.nspain.demo.ConversionController      : Converted 5.0kg to 11.02311310925lb
2019-07-26 22:18:26.992  INFO 26050 --- [o-auto-1-exec-2] me.nspain.demo.ConversionController      : Received request with from='lb', to='kg' and value='5.0'
2019-07-26 22:18:26.993  INFO 26050 --- [o-auto-1-exec-2] me.nspain.demo.ConversionController      : Converted 5.0lb to 2.2679618500000003kg
]]></system-out>
  <system-err><![CDATA[]]></system-err>
</testsuite>
